Is GPU available?  True
(15868, 38) (20343, 38)
(15868, 29) (20343, 29)
Min, max m_tt in sig:  17.538218 2847.946289
Min, max m_tt in bkg1:  15.110117 1072.036621
No. of samples in SR in sig, bkg
11664 270
No. of bkg samples in data and pure bkg
135 135
No of signal samples to inject into bkg1 =  33
(33, 29)
train_sig.shape, train_bkg1.shape, train_bkg1_ws.shape =  (26, 28) (108, 28) (108, 28)
Phi750vsDY : Weak supervision -  train, val, test shapes:  (134, 28) (16, 28) (18, 28)
Final samples before training starts
Phi750vsDY: train, val, test shapes:  (242, 28) (29, 28) (32, 28)
[[ 1.177835  1.61056  -1.176451 ...  0.        1.        1.      ]
 [-1.169266  2.161675  0.441939 ...  0.525577  0.474423  1.      ]
 [ 1.06706   1.270772  1.140343 ...  0.        1.        1.      ]
 ...
 [ 0.589886  3.06846   1.785494 ...  0.        0.        0.      ]
 [-0.286825 -1.874489  0.515935 ...  0.40337   0.59663   0.      ]
 [ 1.427821  1.119006  0.563948 ...  0.419538  0.580462  0.      ]] [[ 1.177835  1.61056  -1.176451 ...  0.        1.        1.      ]
 [-1.169266  2.161675  0.441939 ...  0.525577  0.474423  1.      ]
 [ 1.06706   1.270772  1.140343 ...  0.        1.        1.      ]
 ...
 [ 0.589886  3.06846   1.785494 ...  0.        0.        0.      ]
 [-0.286825 -1.874489  0.515935 ...  0.40337   0.59663   0.      ]
 [ 1.427821  1.119006  0.563948 ...  0.419538  0.580462  0.      ]]
================= Training Phi750vsDY =================
Test Loss: 0.780151
